  CppCLR_WinFormsProject.cpp
C:\Users\smeta\OneDrive\Рабочий стол\study storage\12 S\VS-PID\Prog\PIDe\Form1.h(514,26): warning C4305: инициализация: усечение из "double" в "float"
C:\Users\smeta\OneDrive\Рабочий стол\study storage\12 S\VS-PID\Prog\PIDe\Form1.h(515,22): warning C4305: инициализация: усечение из "double" в "float"
C:\Users\smeta\OneDrive\Рабочий стол\study storage\12 S\VS-PID\Prog\PIDe\Form1.h(519,10): warning C4244: инициализация: преобразование "__int64" в "int", возможна потеря данных
C:\Users\smeta\OneDrive\Рабочий стол\study storage\12 S\VS-PID\Prog\PIDe\Form1.h(520,12): warning C4244: инициализация: преобразование "double" в "int", возможна потеря данных
C:\Users\smeta\OneDrive\Рабочий стол\study storage\12 S\VS-PID\Prog\PIDe\Form1.h(595,26): warning C4244: =: преобразование "double" в "float", возможна потеря данных
C:\Users\smeta\OneDrive\Рабочий стол\study storage\12 S\VS-PID\Prog\PIDe\Form1.h(596,26): warning C4244: =: преобразование "double" в "float", возможна потеря данных
C:\Users\smeta\OneDrive\Рабочий стол\study storage\12 S\VS-PID\Prog\PIDe\Form1.h(597,26): warning C4244: =: преобразование "double" в "float", возможна потеря данных
C:\Users\smeta\OneDrive\Рабочий стол\study storage\12 S\VS-PID\Prog\PIDe\Form1.h(606,13): warning C4305: =: усечение из "double" в "float"
C:\Users\smeta\OneDrive\Рабочий стол\study storage\12 S\VS-PID\Prog\PIDe\Form1.h(672,78): warning C4244: =: преобразование "double" в "float", возможна потеря данных
C:\Users\smeta\OneDrive\Рабочий стол\study storage\12 S\VS-PID\Prog\PIDe\Form1.h(673,78): warning C4244: =: преобразование "double" в "float", возможна потеря данных
C:\Users\smeta\OneDrive\Рабочий стол\study storage\12 S\VS-PID\Prog\PIDe\Form1.h(674,78): warning C4244: =: преобразование "double" в "float", возможна потеря данных
C:\Users\smeta\OneDrive\Рабочий стол\study storage\12 S\VS-PID\Prog\PIDe\Form1.h(675,78): warning C4244: =: преобразование "double" в "float", возможна потеря данных
C:\Users\smeta\OneDrive\Рабочий стол\study storage\12 S\VS-PID\Prog\PIDe\Form1.h(676,78): warning C4244: =: преобразование "double" в "float", возможна потеря данных
C:\Users\smeta\OneDrive\Рабочий стол\study storage\12 S\VS-PID\Prog\PIDe\Form1.h(704,26): warning C4244: +=: преобразование "double" в "float", возможна потеря данных
C:\Users\smeta\OneDrive\Рабочий стол\study storage\12 S\VS-PID\Prog\PIDe\Form1.h(705,24): warning C4244: +=: преобразование "double" в "float", возможна потеря данных
C:\Users\smeta\OneDrive\Рабочий стол\study storage\12 S\VS-PID\Prog\PIDe\Form1.h(706,18): warning C4244: =: преобразование "double" в "float", возможна потеря данных
C:\Users\smeta\OneDrive\Рабочий стол\study storage\12 S\VS-PID\Prog\PIDe\Form1.h(563,16): warning C4101: bmin: неиспользованная локальная переменная
C:\Users\smeta\OneDrive\Рабочий стол\study storage\12 S\VS-PID\Prog\PIDe\Form1.h(521,10): warning C4101: KK: неиспользованная локальная переменная
C:\Users\smeta\OneDrive\Рабочий стол\study storage\12 S\VS-PID\Prog\PIDe\Form1.h(586,10): warning C4101: N1: неиспользованная локальная переменная
C:\Users\smeta\OneDrive\Рабочий стол\study storage\12 S\VS-PID\Prog\PIDe\Form1.h(585,10): warning C4101: N0: неиспользованная локальная переменная
C:\Users\smeta\OneDrive\Рабочий стол\study storage\12 S\VS-PID\Prog\PIDe\Form1.h(584,10): warning C4101: A1: неиспользованная локальная переменная
C:\Users\smeta\OneDrive\Рабочий стол\study storage\12 S\VS-PID\Prog\PIDe\Form1.h(582,10): warning C4101: A0: неиспользованная локальная переменная
C:\Users\smeta\OneDrive\Рабочий стол\study storage\12 S\VS-PID\Prog\PIDe\Form1.h(714): warning C4700: использована неинициализированная локальная переменная "Time"
  AssemblyInfo.obj : обнаружен модуль MSIL; для MSIL последовательная компоновка отключена; выполняется полная компоновка
  PIDe.vcxproj -> C:\Users\smeta\OneDrive\Рабочий стол\study storage\12 S\VS-PID\Prog\x64\Debug\PIDe.exe
